
August 19th 2018, 10:05:10 pm Search Type: movie-this; Search value: space+jam
August 19th 2018, 10:05:44 pm Search Type: movie-this; Search value: space+jam
August 19th 2018, 10:05:45 pm
"{\"Title\":\"Space Jam\",\"Year\":\"1996\",\"Rated\":\"PG\",\"Released\":\"15 Nov 1996\",\"Runtime\":\"88 min\",\"Genre\":\"Animation, Adventure, Comedy\",\"Director\":\"Joe Pytka\",\"Writer\":\"Leo Benvenuti, Steve Rudnick, Timothy Harris, Herschel Weingrod\",\"Actors\":\"Michael Jordan, Wayne Knight, Theresa Randle, Manner Washington\",\"Plot\":\"In a desperate attempt to win a basketball match and earn their freedom, the Looney Tunes seek the aid of retired basketball champion, Michael Jordan.\",\"Language\":\"English\",\"Country\":\"USA\",\"Awards\":\"5 wins & 7 nominations.\",\"Poster\":\"https://m.media-amazon.com/images/M/MV5BMDgyZTI2YmYtZmI4ZC00MzE0LWIxZWYtMWRlZWYxNjliNTJjXkEyXkFqcGdeQXVyNjY5NDU4NzI@._V1_SX300.jpg\",\"Ratings\":[{\"Source\":\"Internet Movie Database\",\"Value\":\"6.3/10\"},{\"Source\":\"Rotten Tomatoes\",\"Value\":\"38%\"},{\"Source\":\"Metacritic\",\"Value\":\"59/100\"}],\"Metascore\":\"59\",\"imdbRating\":\"6.3\",\"imdbVotes\":\"132,946\",\"imdbID\":\"tt0117705\",\"Type\":\"movie\",\"DVD\":\"27 Aug 1997\",\"BoxOffice\":\"N/A\",\"Production\":\"Warner Home Video\",\"Website\":\"N/A\",\"Response\":\"True\"}"
August 19th 2018, 10:06:33 pm Search Type: movie-this; Search value: space+jam
August 19th 2018, 10:06:34 pm
"{\"Title\":\"Space Jam\",\"Year\":\"1996\",\"Rated\":\"PG\",\"Released\":\"15 Nov 1996\",\"Runtime\":\"88 min\",\"Genre\":\"Animation, Adventure, Comedy\",\"Director\":\"Joe Pytka\",\"Writer\":\"Leo Benvenuti, Steve Rudnick, Timothy Harris, Herschel Weingrod\",\"Actors\":\"Michael Jordan, Wayne Knight, Theresa Randle, Manner Washington\",\"Plot\":\"In a desperate attempt to win a basketball match and earn their freedom, the Looney Tunes seek the aid of retired basketball champion, Michael Jordan.\",\"Language\":\"English\",\"Country\":\"USA\",\"Awards\":\"5 wins & 7 nominations.\",\"Poster\":\"https://m.media-amazon.com/images/M/MV5BMDgyZTI2YmYtZmI4ZC00MzE0LWIxZWYtMWRlZWYxNjliNTJjXkEyXkFqcGdeQXVyNjY5NDU4NzI@._V1_SX300.jpg\",\"Ratings\":[{\"Source\":\"Internet Movie Database\",\"Value\":\"6.3/10\"},{\"Source\":\"Rotten Tomatoes\",\"Value\":\"38%\"},{\"Source\":\"Metacritic\",\"Value\":\"59/100\"}],\"Metascore\":\"59\",\"imdbRating\":\"6.3\",\"imdbVotes\":\"132,946\",\"imdbID\":\"tt0117705\",\"Type\":\"movie\",\"DVD\":\"27 Aug 1997\",\"BoxOffice\":\"N/A\",\"Production\":\"Warner Home Video\",\"Website\":\"N/A\",\"Response\":\"True\"}"
August 19th 2018, 10:06:44 pm Search Type: movie-this; Search value: space+jam
August 19th 2018, 10:06:45 pm
"{\"Title\":\"Space Jam\",\"Year\":\"1996\",\"Rated\":\"PG\",\"Released\":\"15 Nov 1996\",\"Runtime\":\"88 min\",\"Genre\":\"Animation, Adventure, Comedy\",\"Director\":\"Joe Pytka\",\"Writer\":\"Leo Benvenuti, Steve Rudnick, Timothy Harris, Herschel Weingrod\",\"Actors\":\"Michael Jordan, Wayne Knight, Theresa Randle, Manner Washington\",\"Plot\":\"In a desperate attempt to win a basketball match and earn their freedom, the Looney Tunes seek the aid of retired basketball champion, Michael Jordan.\",\"Language\":\"English\",\"Country\":\"USA\",\"Awards\":\"5 wins & 7 nominations.\",\"Poster\":\"https://m.media-amazon.com/images/M/MV5BMDgyZTI2YmYtZmI4ZC00MzE0LWIxZWYtMWRlZWYxNjliNTJjXkEyXkFqcGdeQXVyNjY5NDU4NzI@._V1_SX300.jpg\",\"Ratings\":[{\"Source\":\"Internet Movie Database\",\"Value\":\"6.3/10\"},{\"Source\":\"Rotten Tomatoes\",\"Value\":\"38%\"},{\"Source\":\"Metacritic\",\"Value\":\"59/100\"}],\"Metascore\":\"59\",\"imdbRating\":\"6.3\",\"imdbVotes\":\"132,946\",\"imdbID\":\"tt0117705\",\"Type\":\"movie\",\"DVD\":\"27 Aug 1997\",\"BoxOffice\":\"N/A\",\"Production\":\"Warner Home Video\",\"Website\":\"N/A\",\"Response\":\"True\"}"
August 19th 2018, 10:07:02 pm Search Type: movie-this; Search value: space+jam
August 19th 2018, 10:07:02 pm
"{\"Title\":\"Space Jam\",\"Year\":\"1996\",\"Rated\":\"PG\",\"Released\":\"15 Nov 1996\",\"Runtime\":\"88 min\",\"Genre\":\"Animation, Adventure, Comedy\",\"Director\":\"Joe Pytka\",\"Writer\":\"Leo Benvenuti, Steve Rudnick, Timothy Harris, Herschel Weingrod\",\"Actors\":\"Michael Jordan, Wayne Knight, Theresa Randle, Manner Washington\",\"Plot\":\"In a desperate attempt to win a basketball match and earn their freedom, the Looney Tunes seek the aid of retired basketball champion, Michael Jordan.\",\"Language\":\"English\",\"Country\":\"USA\",\"Awards\":\"5 wins & 7 nominations.\",\"Poster\":\"https://m.media-amazon.com/images/M/MV5BMDgyZTI2YmYtZmI4ZC00MzE0LWIxZWYtMWRlZWYxNjliNTJjXkEyXkFqcGdeQXVyNjY5NDU4NzI@._V1_SX300.jpg\",\"Ratings\":[{\"Source\":\"Internet Movie Database\",\"Value\":\"6.3/10\"},{\"Source\":\"Rotten Tomatoes\",\"Value\":\"38%\"},{\"Source\":\"Metacritic\",\"Value\":\"59/100\"}],\"Metascore\":\"59\",\"imdbRating\":\"6.3\",\"imdbVotes\":\"132,946\",\"imdbID\":\"tt0117705\",\"Type\":\"movie\",\"DVD\":\"27 Aug 1997\",\"BoxOffice\":\"N/A\",\"Production\":\"Warner Home Video\",\"Website\":\"N/A\",\"Response\":\"True\"}"
August 19th 2018, 10:07:14 pm Search Type: movie-this; Search value: space+jam
August 19th 2018, 10:07:14 pm
"{\"Title\":\"Space Jam\",\"Year\":\"1996\",\"Rated\":\"PG\",\"Released\":\"15 Nov 1996\",\"Runtime\":\"88 min\",\"Genre\":\"Animation, Adventure, Comedy\",\"Director\":\"Joe Pytka\",\"Writer\":\"Leo Benvenuti, Steve Rudnick, Timothy Harris, Herschel Weingrod\",\"Actors\":\"Michael Jordan, Wayne Knight, Theresa Randle, Manner Washington\",\"Plot\":\"In a desperate attempt to win a basketball match and earn their freedom, the Looney Tunes seek the aid of retired basketball champion, Michael Jordan.\",\"Language\":\"English\",\"Country\":\"USA\",\"Awards\":\"5 wins & 7 nominations.\",\"Poster\":\"https://m.media-amazon.com/images/M/MV5BMDgyZTI2YmYtZmI4ZC00MzE0LWIxZWYtMWRlZWYxNjliNTJjXkEyXkFqcGdeQXVyNjY5NDU4NzI@._V1_SX300.jpg\",\"Ratings\":[{\"Source\":\"Internet Movie Database\",\"Value\":\"6.3/10\"},{\"Source\":\"Rotten Tomatoes\",\"Value\":\"38%\"},{\"Source\":\"Metacritic\",\"Value\":\"59/100\"}],\"Metascore\":\"59\",\"imdbRating\":\"6.3\",\"imdbVotes\":\"132,946\",\"imdbID\":\"tt0117705\",\"Type\":\"movie\",\"DVD\":\"27 Aug 1997\",\"BoxOffice\":\"N/A\",\"Production\":\"Warner Home Video\",\"Website\":\"N/A\",\"Response\":\"True\"}"
August 19th 2018, 10:07:45 pm Search Type: movie-this; Search value: forest+gump
August 19th 2018, 10:07:45 pm
"{\"Response\":\"False\",\"Error\":\"Movie not found!\"}"
August 19th 2018, 10:07:56 pm Search Type: movie-this; Search value: forrest+gump
August 19th 2018, 10:07:56 pm
"{\"Title\":\"Forrest Gump\",\"Year\":\"1994\",\"Rated\":\"PG-13\",\"Released\":\"06 Jul 1994\",\"Runtime\":\"142 min\",\"Genre\":\"Drama, Romance\",\"Director\":\"Robert Zemeckis\",\"Writer\":\"Winston Groom (novel), Eric Roth (screenplay)\",\"Actors\":\"Tom Hanks, Rebecca Williams, Sally Field, Michael Conner Humphreys\",\"Plot\":\"The presidencies of Kennedy and Johnson, Vietnam, Watergate, and other history unfold through the perspective of an Alabama man with an IQ of 75.\",\"Language\":\"English\",\"Country\":\"USA\",\"Awards\":\"Won 6 Oscars. Another 40 wins & 67 nominations.\",\"Poster\":\"https://m.media-amazon.com/images/M/MV5BNWIwODRlZTUtY2U3ZS00Yzg1LWJhNzYtMmZiYmEyNmU1NjMzXkEyXkFqcGdeQXVyMTQxNzMzNDI@._V1_SX300.jpg\",\"Ratings\":[{\"Source\":\"Internet Movie Database\",\"Value\":\"8.8/10\"},{\"Source\":\"Rotten Tomatoes\",\"Value\":\"72%\"},{\"Source\":\"Metacritic\",\"Value\":\"82/100\"}],\"Metascore\":\"82\",\"imdbRating\":\"8.8\",\"imdbVotes\":\"1,507,796\",\"imdbID\":\"tt0109830\",\"Type\":\"movie\",\"DVD\":\"28 Aug 2001\",\"BoxOffice\":\"$330,000,000\",\"Production\":\"Paramount Pictures\",\"Website\":\"http://www.paramount.com/movies/forrest-gump/\",\"Response\":\"True\"}"
August 19th 2018, 10:08:08 pm Search Type: movie-this; Search value: forrest+gump
August 19th 2018, 10:08:08 pm
"{\"Title\":\"Forrest Gump\",\"Year\":\"1994\",\"Rated\":\"PG-13\",\"Released\":\"06 Jul 1994\",\"Runtime\":\"142 min\",\"Genre\":\"Drama, Romance\",\"Director\":\"Robert Zemeckis\",\"Writer\":\"Winston Groom (novel), Eric Roth (screenplay)\",\"Actors\":\"Tom Hanks, Rebecca Williams, Sally Field, Michael Conner Humphreys\",\"Plot\":\"The presidencies of Kennedy and Johnson, Vietnam, Watergate, and other history unfold through the perspective of an Alabama man with an IQ of 75.\",\"Language\":\"English\",\"Country\":\"USA\",\"Awards\":\"Won 6 Oscars. Another 40 wins & 67 nominations.\",\"Poster\":\"https://m.media-amazon.com/images/M/MV5BNWIwODRlZTUtY2U3ZS00Yzg1LWJhNzYtMmZiYmEyNmU1NjMzXkEyXkFqcGdeQXVyMTQxNzMzNDI@._V1_SX300.jpg\",\"Ratings\":[{\"Source\":\"Internet Movie Database\",\"Value\":\"8.8/10\"},{\"Source\":\"Rotten Tomatoes\",\"Value\":\"72%\"},{\"Source\":\"Metacritic\",\"Value\":\"82/100\"}],\"Metascore\":\"82\",\"imdbRating\":\"8.8\",\"imdbVotes\":\"1,507,796\",\"imdbID\":\"tt0109830\",\"Type\":\"movie\",\"DVD\":\"28 Aug 2001\",\"BoxOffice\":\"$330,000,000\",\"Production\":\"Paramount Pictures\",\"Website\":\"http://www.paramount.com/movies/forrest-gump/\",\"Response\":\"True\"}"
August 19th 2018, 10:08:17 pm Search Type: movie-this; Search value: forrest+gump
August 19th 2018, 10:08:17 pm
"{\"Title\":\"Forrest Gump\",\"Year\":\"1994\",\"Rated\":\"PG-13\",\"Released\":\"06 Jul 1994\",\"Runtime\":\"142 min\",\"Genre\":\"Drama, Romance\",\"Director\":\"Robert Zemeckis\",\"Writer\":\"Winston Groom (novel), Eric Roth (screenplay)\",\"Actors\":\"Tom Hanks, Rebecca Williams, Sally Field, Michael Conner Humphreys\",\"Plot\":\"The presidencies of Kennedy and Johnson, Vietnam, Watergate, and other history unfold through the perspective of an Alabama man with an IQ of 75.\",\"Language\":\"English\",\"Country\":\"USA\",\"Awards\":\"Won 6 Oscars. Another 40 wins & 67 nominations.\",\"Poster\":\"https://m.media-amazon.com/images/M/MV5BNWIwODRlZTUtY2U3ZS00Yzg1LWJhNzYtMmZiYmEyNmU1NjMzXkEyXkFqcGdeQXVyMTQxNzMzNDI@._V1_SX300.jpg\",\"Ratings\":[{\"Source\":\"Internet Movie Database\",\"Value\":\"8.8/10\"},{\"Source\":\"Rotten Tomatoes\",\"Value\":\"72%\"},{\"Source\":\"Metacritic\",\"Value\":\"82/100\"}],\"Metascore\":\"82\",\"imdbRating\":\"8.8\",\"imdbVotes\":\"1,507,796\",\"imdbID\":\"tt0109830\",\"Type\":\"movie\",\"DVD\":\"28 Aug 2001\",\"BoxOffice\":\"$330,000,000\",\"Production\":\"Paramount Pictures\",\"Website\":\"http://www.paramount.com/movies/forrest-gump/\",\"Response\":\"True\"}"
August 19th 2018, 10:08:27 pm Search Type: movie-this; Search value: forrest+gump
August 19th 2018, 10:08:28 pm
"{\"Title\":\"Forrest Gump\",\"Year\":\"1994\",\"Rated\":\"PG-13\",\"Released\":\"06 Jul 1994\",\"Runtime\":\"142 min\",\"Genre\":\"Drama, Romance\",\"Director\":\"Robert Zemeckis\",\"Writer\":\"Winston Groom (novel), Eric Roth (screenplay)\",\"Actors\":\"Tom Hanks, Rebecca Williams, Sally Field, Michael Conner Humphreys\",\"Plot\":\"The presidencies of Kennedy and Johnson, Vietnam, Watergate, and other history unfold through the perspective of an Alabama man with an IQ of 75.\",\"Language\":\"English\",\"Country\":\"USA\",\"Awards\":\"Won 6 Oscars. Another 40 wins & 67 nominations.\",\"Poster\":\"https://m.media-amazon.com/images/M/MV5BNWIwODRlZTUtY2U3ZS00Yzg1LWJhNzYtMmZiYmEyNmU1NjMzXkEyXkFqcGdeQXVyMTQxNzMzNDI@._V1_SX300.jpg\",\"Ratings\":[{\"Source\":\"Internet Movie Database\",\"Value\":\"8.8/10\"},{\"Source\":\"Rotten Tomatoes\",\"Value\":\"72%\"},{\"Source\":\"Metacritic\",\"Value\":\"82/100\"}],\"Metascore\":\"82\",\"imdbRating\":\"8.8\",\"imdbVotes\":\"1,507,796\",\"imdbID\":\"tt0109830\",\"Type\":\"movie\",\"DVD\":\"28 Aug 2001\",\"BoxOffice\":\"$330,000,000\",\"Production\":\"Paramount Pictures\",\"Website\":\"http://www.paramount.com/movies/forrest-gump/\",\"Response\":\"True\"}"
August 19th 2018, 10:08:36 pm Search Type: movie-this; Search value: forrest+gump
August 19th 2018, 10:08:37 pm
"{\"Title\":\"Forrest Gump\",\"Year\":\"1994\",\"Rated\":\"PG-13\",\"Released\":\"06 Jul 1994\",\"Runtime\":\"142 min\",\"Genre\":\"Drama, Romance\",\"Director\":\"Robert Zemeckis\",\"Writer\":\"Winston Groom (novel), Eric Roth (screenplay)\",\"Actors\":\"Tom Hanks, Rebecca Williams, Sally Field, Michael Conner Humphreys\",\"Plot\":\"The presidencies of Kennedy and Johnson, Vietnam, Watergate, and other history unfold through the perspective of an Alabama man with an IQ of 75.\",\"Language\":\"English\",\"Country\":\"USA\",\"Awards\":\"Won 6 Oscars. Another 40 wins & 67 nominations.\",\"Poster\":\"https://m.media-amazon.com/images/M/MV5BNWIwODRlZTUtY2U3ZS00Yzg1LWJhNzYtMmZiYmEyNmU1NjMzXkEyXkFqcGdeQXVyMTQxNzMzNDI@._V1_SX300.jpg\",\"Ratings\":[{\"Source\":\"Internet Movie Database\",\"Value\":\"8.8/10\"},{\"Source\":\"Rotten Tomatoes\",\"Value\":\"72%\"},{\"Source\":\"Metacritic\",\"Value\":\"82/100\"}],\"Metascore\":\"82\",\"imdbRating\":\"8.8\",\"imdbVotes\":\"1,507,796\",\"imdbID\":\"tt0109830\",\"Type\":\"movie\",\"DVD\":\"28 Aug 2001\",\"BoxOffice\":\"$330,000,000\",\"Production\":\"Paramount Pictures\",\"Website\":\"http://www.paramount.com/movies/forrest-gump/\",\"Response\":\"True\"}"
August 19th 2018, 10:11:53 pm Search Type: movie-this; Search value: forrest+gump
August 19th 2018, 10:12:03 pm Search Type: movie-this; Search value: forrest+gump
August 19th 2018, 10:12:04 pm
[object Object]
August 19th 2018, 10:12:28 pm Search Type: movie-this; Search value: forrest+gump
August 19th 2018, 10:12:28 pm
[object Object]
August 19th 2018, 10:12:44 pm Search Type: movie-this; Search value: forrest+gump
August 19th 2018, 10:12:45 pm
[object Object]
August 19th 2018, 10:13:36 pm Search Type: movie-this; Search value: forrest+gump
August 19th 2018, 10:13:37 pm
[object Object]
August 19th 2018, 10:13:48 pm Search Type: movie-this; Search value: forrest+gump
August 19th 2018, 10:13:48 pm
[object Object]
August 19th 2018, 10:13:57 pm Search Type: movie-this; Search value: forrest+gump
August 19th 2018, 10:13:58 pm
[object Object]
August 19th 2018, 10:14:49 pm Search Type: movie-this; Search value: forrest+gump
August 19th 2018, 10:14:49 pm
[object Object]
August 19th 2018, 10:15:07 pm Search Type: movie-this; Search value: forrest+gump
August 19th 2018, 10:16:31 pm
[object Object]
August 19th 2018, 10:16:42 pm
[object Object]
August 19th 2018, 10:17:09 pm Search Type: movie-this; Search value: forrest+gump
August 19th 2018, 10:17:10 pm
[object Object]
August 19th 2018, 10:17:51 pm Search Type: movie-this; Search value: forrest+gump
August 19th 2018, 10:17:52 pm
[object Object]
August 19th 2018, 10:18:01 pm Search Type: movie-this; Search value: forrest+gump
August 19th 2018, 10:18:01 pm
[object Object]
August 19th 2018, 10:18:40 pm Search Type: movie-this; Search value: forrest+gump
August 19th 2018, 10:18:40 pm
[object Object]
August 19th 2018, 10:21:25 pm Search Type: movie-this; Search value: forrest+gump
August 19th 2018, 10:21:26 pm
[object Object]
August 19th 2018, 10:29:48 pm Search Type: movie-this; Search value: The+Matrix
August 19th 2018, 10:30:53 pm Search Type: movie-this; Search value: The+Matrix
August 19th 2018, 10:35:49 pm Search Type: movie-this; Search value: The+Matrix
August 19th 2018, 10:37:30 pm Search Type: movie-this; Search value: The+Matrix
August 19th 2018, 10:37:30 pm
[object Object]
August 19th 2018, 10:42:51 pm Search Type: movie-this; Search value: The+Matrix
August 19th 2018, 10:42:51 pm
[object Object]
August 19th 2018, 10:46:00 pm Search Type: spotify-this-song; Search value: mountain+song
August 19th 2018, 10:46:00 pm
{
  "tracks": {
    "href": "https://api.spotify.com/v1/search?query=mountain+song&type=track&offset=0&limit=1",
    "items": [
      {
        "album": {
          "album_type": "album",
          "artists": [
            {
              "external_urls": {
                "spotify": "https://open.spotify.com/artist/6Qm9stX6XO1a4c7BXQDDgc"
              },
              "href": "https://api.spotify.com/v1/artists/6Qm9stX6XO1a4c7BXQDDgc",
              "id": "6Qm9stX6XO1a4c7BXQDDgc",
              "name": "Fruit Bats",
              "type": "artist",
              "uri": "spotify:artist:6Qm9stX6XO1a4c7BXQDDgc"
            }
          ],
          "available_markets": [
            "AD",
            "AR",
            "AT",
            "AU",
            "BE",
            "BG",
            "BO",
            "BR",
            "CA",
            "CH",
            "CL",
            "CO",
            "CR",
            "CY",
            "CZ",
            "DE",
            "DK",
            "DO",
            "EC",
            "EE",
            "ES",
            "FI",
            "FR",
            "GB",
            "GR",
            "GT",
            "HK",
            "HN",
            "HU",
            "ID",
            "IE",
            "IL",
            "IS",
            "IT",
            "JP",
            "LI",
            "LT",
            "LU",
            "LV",
            "MC",
            "MT",
            "MX",
            "MY",
            "NI",
            "NL",
            "NO",
            "NZ",
            "PA",
            "PE",
            "PH",
            "PL",
            "PT",
            "PY",
            "RO",
            "SE",
            "SG",
            "SK",
            "SV",
            "TH",
            "TR",
            "TW",
            "US",
            "UY",
            "VN",
            "ZA"
          ],
          "external_urls": {
            "spotify": "https://open.spotify.com/album/1vRxjcJpuE6MxaDwvDcldB"
          },
          "href": "https://api.spotify.com/v1/albums/1vRxjcJpuE6MxaDwvDcldB",
          "id": "1vRxjcJpuE6MxaDwvDcldB",
          "images": [
            {
              "height": 640,
              "url": "https://i.scdn.co/image/b36eb8a448c000d39bc946fabe87599ea84a4b35",
              "width": 640
            },
            {
              "height": 300,
              "url": "https://i.scdn.co/image/95734ce9b422709c01f028cb71ec4a728271427a",
              "width": 300
            },
            {
              "height": 64,
              "url": "https://i.scdn.co/image/f4714c31c35bccdb584f4872c5cf9647caa600e4",
              "width": 64
            }
          ],
          "name": "Absolute Loser",
          "release_date": "2016-05-13",
          "release_date_precision": "day",
          "total_tracks": 10,
          "type": "album",
          "uri": "spotify:album:1vRxjcJpuE6MxaDwvDcldB"
        },
        "artists": [
          {
            "external_urls": {
              "spotify": "https://open.spotify.com/artist/6Qm9stX6XO1a4c7BXQDDgc"
            },
            "href": "https://api.spotify.com/v1/artists/6Qm9stX6XO1a4c7BXQDDgc",
            "id": "6Qm9stX6XO1a4c7BXQDDgc",
            "name": "Fruit Bats",
            "type": "artist",
            "uri": "spotify:artist:6Qm9stX6XO1a4c7BXQDDgc"
          }
        ],
        "available_markets": [
          "AD",
          "AR",
          "AT",
          "AU",
          "BE",
          "BG",
          "BO",
          "BR",
          "CA",
          "CH",
          "CL",
          "CO",
          "CR",
          "CY",
          "CZ",
          "DE",
          "DK",
          "DO",
          "EC",
          "EE",
          "ES",
          "FI",
          "FR",
          "GB",
          "GR",
          "GT",
          "HK",
          "HN",
          "HU",
          "ID",
          "IE",
          "IL",
          "IS",
          "IT",
          "JP",
          "LI",
          "LT",
          "LU",
          "LV",
          "MC",
          "MT",
          "MX",
          "MY",
          "NI",
          "NL",
          "NO",
          "NZ",
          "PA",
          "PE",
          "PH",
          "PL",
          "PT",
          "PY",
          "RO",
          "SE",
          "SG",
          "SK",
          "SV",
          "TH",
          "TR",
          "TW",
          "US",
          "UY",
          "VN",
          "ZA"
        ],
        "disc_number": 1,
        "duration_ms": 184346,
        "explicit": false,
        "external_ids": {
          "isrc": "QMBZ91565966"
        },
        "external_urls": {
          "spotify": "https://open.spotify.com/track/3HdcqQpq7zb5GbEKBDY34p"
        },
        "href": "https://api.spotify.com/v1/tracks/3HdcqQpq7zb5GbEKBDY34p",
        "id": "3HdcqQpq7zb5GbEKBDY34p",
        "is_local": false,
        "name": "Humbug Mountain Song",
        "popularity": 60,
        "preview_url": "https://p.scdn.co/mp3-preview/02935346b7b51bdd9df734697d13cb21b9c013be?cid=b1034c61be9747568663e093c060386c",
        "track_number": 2,
        "type": "track",
        "uri": "spotify:track:3HdcqQpq7zb5GbEKBDY34p"
      }
    ],
    "limit": 1,
    "next": "https://api.spotify.com/v1/search?query=mountain+song&type=track&offset=1&limit=1",
    "offset": 0,
    "previous": null,
    "total": 1930
  }
}